<?xml version="1.0" encoding="UTF-8"?>
<testsuite xmlns:xsi="http://www.w3.org/2001/XMLSchema-instance" xsi:noNamespaceSchemaLocation="https://maven.apache.org/surefire/maven-surefire-plugin/xsd/surefire-test-report-3.0.xsd" version="3.0" name="it.reactive.esercizioTesting.businesslogic.ServiceAstaTest" time="0.056" tests="18" errors="0" skipped="0" failures="0">
  <properties>
[...]
</properties>
  <testcase name="setPartecipanti" classname="it.reactive.esercizioTesting.businesslogic.ServiceAstaTest" time="0.004"/>
  <testcase name="rilanciaPartecipanteNonCensitoException" classname="it.reactive.esercizioTesting.businesslogic.ServiceAstaTest" time="0.0"/>
  <testcase name="rilanciaAstaTerminataException" classname="it.reactive.esercizioTesting.businesslogic.ServiceAstaTest" time="0.0"/>
  <testcase name="rilanciaProgressivoUgualePartecipantiSize" classname="it.reactive.esercizioTesting.businesslogic.ServiceAstaTest" time="0.0"/>
  <testcase name="rilanciaTurnoNonValidoException" classname="it.reactive.esercizioTesting.businesslogic.ServiceAstaTest" time="0.0"/>
  <testcase name="rilancia" classname="it.reactive.esercizioTesting.businesslogic.ServiceAstaTest" time="0.0"/>
  <testcase name="rilanciaValoreMinoreZero" classname="it.reactive.esercizioTesting.businesslogic.ServiceAstaTest" time="0.001"/>
  <testcase name="addPartecipantePartecipante" classname="it.reactive.esercizioTesting.businesslogic.ServiceAstaTest" time="0.0"/>
  <testcase name="addPartecipanteAstaInCorsoException" classname="it.reactive.esercizioTesting.businesslogic.ServiceAstaTest" time="0.0"/>
  <testcase name="getValoreSessioneAsta" classname="it.reactive.esercizioTesting.businesslogic.ServiceAstaTest" time="0.001"/>
  <testcase name="fine" classname="it.reactive.esercizioTesting.businesslogic.ServiceAstaTest" time="0.0"/>
  <testcase name="rilanciaValoreNonAmmessoException" classname="it.reactive.esercizioTesting.businesslogic.ServiceAstaTest" time="0.0"/>
  <testcase name="getPartecipanti" classname="it.reactive.esercizioTesting.businesslogic.ServiceAstaTest" time="0.0"/>
  <testcase name="setOggetto" classname="it.reactive.esercizioTesting.businesslogic.ServiceAstaTest" time="0.001"/>
  <testcase name="getVincitore" classname="it.reactive.esercizioTesting.businesslogic.ServiceAstaTest" time="0.0"/>
  <testcase name="addPartecipantePartecipanteEsistenteException" classname="it.reactive.esercizioTesting.businesslogic.ServiceAstaTest" time="0.001"/>
  <testcase name="verificaFineAsta" classname="it.reactive.esercizioTesting.businesslogic.ServiceAstaTest" time="0.0"/>
  <testcase name="rilanciaValoreMaggioreZero" classname="it.reactive.esercizioTesting.businesslogic.ServiceAstaTest" time="0.0"/>
</testsuite>